<?xml version="1.0" encoding="UTF-8"?>
<testsuite xmlns:xsi="http://www.w3.org/2001/XMLSchema-instance" xsi:noNamespaceSchemaLocation="https://maven.apache.org/surefire/maven-surefire-plugin/xsd/surefire-test-report.xsd" name="runner.TestRunner" time="124.756" tests="14" errors="0" skipped="0" failures="0">
  <properties>
[...]
</properties>
  <testcase name="Login with valid credentials #1" classname="Login functionality" time="18.939"/>
  <testcase name="Login with valid credentials #2" classname="Login functionality" time="6.452"/>
  <testcase name="Login with valid credentials #3" classname="Login functionality" time="7.123"/>
  <testcase name="Login with invalid credentials" classname="Login functionality" time="6.537"/>
  <testcase name="Login with valid email and invalid password" classname="Login functionality" time="8.129"/>
  <testcase name="Login with invalid email and valid password" classname="Login functionality" time="9.576"/>
  <testcase name="Login without providing any credentails" classname="Login functionality" time="7.666"/>
  <testcase name="User creates an account only with mandatory fields" classname="Registration functionality" time="9.31"/>
  <testcase name="User creates an account with all fields" classname="Registration functionality" time="8.006"/>
  <testcase name="User creates a duplicate account" classname="Registration functionality" time="9.976"/>
  <testcase name="User creates an account without filling any details" classname="Registration functionality" time="9.362"/>
  <testcase name="User searches for a valid product" classname="Search functionality" time="5.789"/>
  <testcase name="User searches for an invalid product" classname="Search functionality" time="5.57"/>
  <testcase name="User searches without any product" classname="Search functionality" time="5.545"/>
</testsuite>